<?xml version="1.0" encoding="UTF-8"?>
<!-- Generated by org.testng.reporters.JUnitReportReporter -->
<testsuite hostname="DESKTOP-HFVGVI8" name="com.freecrm.test.LandPageTest" tests="1" failures="0" timestamp="21 Jul 2018 06:14:13 GMT" time="13.765" errors="0">
  <testcase name="verifyHomePageTitle" time="13.765" classname="com.freecrm.test.LandPageTest"/>
</testsuite> <!-- com.freecrm.test.LandPageTest -->
