<?xml version="1.0" encoding="UTF-8"?>
<!-- Generated by org.testng.reporters.JUnitReportReporter -->
<testsuite hostname="DESKTOP-HFVGVI8" name="com.freecrm.test.ContactPageTest" tests="1" failures="0" timestamp="21 Jul 2018 06:23:02 GMT" time="38.185" errors="0">
  <testcase name="createContactAndVerify" time="38.185" classname="com.freecrm.test.ContactPageTest"/>
</testsuite> <!-- com.freecrm.test.ContactPageTest -->
